checkpoint_10_11000
checkpoint_1_100
checkpoint_1_1000
checkpoint_11_12000
checkpoint_1_200
checkpoint_12_13000
checkpoint_1_300
checkpoint_13_14000
checkpoint_1_400
checkpoint_14_15000
checkpoint_1_500
checkpoint_15_16000
checkpoint_1_600
checkpoint_16_17000
checkpoint_16_18000
checkpoint_1_700
checkpoint_17_19000
checkpoint_1_800
checkpoint_18_20000
checkpoint_1_900
checkpoint_19_21000
checkpoint_20_22000
checkpoint_21_23000
checkpoint_2_1500
checkpoint_2_2000
checkpoint_22_24000
checkpoint_23_25000
checkpoint_23_26000
checkpoint_24_27000
checkpoint_25_28000
checkpoint_26_29000
checkpoint_27_30000
checkpoint_28_31000
checkpoint_29_32000
checkpoint_30_33000
checkpoint_31_34000
checkpoint_31_35000
checkpoint_32_36000
checkpoint_3_2500
checkpoint_3_3000
checkpoint_33_37000
checkpoint_34_38000
checkpoint_35_39000
checkpoint_36_40000
checkpoint_37_41000
checkpoint_38_42000
checkpoint_38_43000
checkpoint_39_44000
checkpoint_40_45000
checkpoint_41_46000
checkpoint_42_47000
checkpoint_43_48000
checkpoint_4_3500
checkpoint_4_4000
checkpoint_44_49000
checkpoint_4_4500
checkpoint_45_50000
checkpoint_46_51000
checkpoint_46_52000
checkpoint_47_53000
checkpoint_48_54000
checkpoint_49_55000
checkpoint_50_56000
checkpoint_51_57000
checkpoint_52_58000
checkpoint_53_59000
checkpoint_54_60000
checkpoint_54_61000
checkpoint_5_5000
checkpoint_5_5500
checkpoint_55_62000
checkpoint_56_63000
checkpoint_57_64000
checkpoint_58_65000
checkpoint_59_66000
checkpoint_60_67000
checkpoint_61_68000
checkpoint_61_69000
checkpoint_62_70000
checkpoint_63_71000
checkpoint_64_72000
checkpoint_65_73000
checkpoint_6_6000
checkpoint_6_6500
checkpoint_66_74000
checkpoint_67_75000
checkpoint_68_76000
checkpoint_69_77000
checkpoint_69_78000
checkpoint_70_79000
checkpoint_71_80000
checkpoint_72_81000
checkpoint_73_82000
checkpoint_74_83000
checkpoint_75_84000
checkpoint_76_85000
checkpoint_76_86000
checkpoint_7_7000
checkpoint_7_7500
checkpoint_77_87000
checkpoint_78_88000
checkpoint_79_89000
checkpoint_80_90000
checkpoint_81_91000
checkpoint_82_92000
checkpoint_83_93000
checkpoint_84_94000
checkpoint_84_95000
checkpoint_85_96000
checkpoint_86_97000
checkpoint_87_98000
checkpoint_8_8000
checkpoint_8_8500
checkpoint_88_99000
checkpoint_8_9000
checkpoint_89_100000
checkpoint_9_10000
checkpoint_9_9500
checkpoint_10_10000
checkpoint_10_9500
checkpoint_1_100
checkpoint_1_1000
checkpoint_11_11000
checkpoint_1_200
checkpoint_12_12000
checkpoint_1_300
checkpoint_13_13000
checkpoint_1_400
checkpoint_14_14000
checkpoint_1_500
checkpoint_15_15000
checkpoint_1_600
checkpoint_16_16000
checkpoint_1_700
checkpoint_17_17000
checkpoint_1_800
checkpoint_18_18000
checkpoint_1_900
checkpoint_19_19000
checkpoint_20_20000
checkpoint_21_21000
checkpoint_2_1500
checkpoint_2_2000
checkpoint_22_22000
checkpoint_23_23000
checkpoint_24_24000
checkpoint_25_25000
checkpoint_26_26000
checkpoint_27_27000
checkpoint_28_28000
checkpoint_29_29000
checkpoint_30_30000
checkpoint_31_31000
checkpoint_32_32000
checkpoint_3_2500
checkpoint_3_3000
checkpoint_33_33000
checkpoint_34_34000
checkpoint_35_35000
checkpoint_36_36000
checkpoint_37_37000
checkpoint_38_38000
checkpoint_39_39000
checkpoint_40_40000
checkpoint_41_41000
checkpoint_42_42000
checkpoint_43_43000
checkpoint_4_3500
checkpoint_4_4000
checkpoint_44_44000
checkpoint_45_45000
checkpoint_46_46000
checkpoint_47_47000
checkpoint_48_48000
checkpoint_48_49000
checkpoint_49_50000
checkpoint_50_51000
checkpoint_51_52000
checkpoint_52_53000
checkpoint_53_54000
checkpoint_5_4500
checkpoint_54_55000
checkpoint_5_5000
checkpoint_55_56000
checkpoint_56_57000
checkpoint_57_58000
checkpoint_58_59000
checkpoint_59_60000
checkpoint_60_61000
checkpoint_61_62000
checkpoint_62_63000
checkpoint_63_64000
checkpoint_64_65000
checkpoint_6_5500
checkpoint_65_66000
checkpoint_6_6000
checkpoint_66_67000
checkpoint_67_68000
checkpoint_68_69000
checkpoint_69_70000
checkpoint_70_71000
checkpoint_71_72000
checkpoint_72_73000
checkpoint_73_74000
checkpoint_74_75000
checkpoint_75_76000
checkpoint_7_6500
checkpoint_76_77000
checkpoint_7_7000
checkpoint_77_78000
checkpoint_78_79000
checkpoint_79_80000
checkpoint_80_81000
checkpoint_81_82000
checkpoint_82_83000
checkpoint_83_84000
checkpoint_84_85000
checkpoint_85_86000
checkpoint_86_87000
checkpoint_8_7500
checkpoint_87_88000
checkpoint_8_8000
checkpoint_88_89000
checkpoint_89_90000
checkpoint_90_91000
checkpoint_91_92000
checkpoint_92_93000
checkpoint_93_94000
checkpoint_94_95000
checkpoint_95_96000
checkpoint_96_97000
checkpoint_96_98000
checkpoint_97_99000
checkpoint_98_100000
checkpoint_9_8500
checkpoint_9_9000
dict_keys(['11000', '100', '1000', '12000', '200', '13000', '300', '14000', '400', '15000', '500', '16000', '600', '17000', '18000', '700', '19000', '800', '20000', '900', '21000', '22000', '23000', '1500', '2000', '24000', '25000', '26000', '27000', '28000', '29000', '30000', '31000', '32000', '33000', '34000', '35000', '36000', '2500', '3000', '37000', '38000', '39000', '40000', '41000', '42000', '43000', '44000', '45000', '46000', '47000', '48000', '3500', '4000', '49000', '4500', '50000', '51000', '52000', '53000', '54000', '55000', '56000', '57000', '58000', '59000', '60000', '61000', '5000', '5500', '62000', '63000', '64000', '65000', '66000', '67000', '68000', '69000', '70000', '71000', '72000', '73000', '6000', '6500', '74000', '75000', '76000', '77000', '78000', '79000', '80000', '81000', '82000', '83000', '84000', '85000', '86000', '7000', '7500', '87000', '88000', '89000', '90000', '91000', '92000', '93000', '94000', '95000', '96000', '97000', '98000', '8000', '8500', '99000', '9000', '100000', '10000', '9500'])
11000
11000 kl-divergence: 2.2361445350218148
11000 kl-divergence unigram: 4.405626155764653
11000 kl-divergence bigram: 3.933505609864298
100
100 kl-divergence: 0.7023011023812168
100 kl-divergence unigram: 1.4468768700779515
100 kl-divergence bigram: 3.8120779316331572
1000
1000 kl-divergence: 0.45576669013429794
1000 kl-divergence unigram: 2.359818341947187
1000 kl-divergence bigram: 2.234187226777783
12000
12000 kl-divergence: 2.186255529295944
12000 kl-divergence unigram: 4.383609254772661
12000 kl-divergence bigram: 3.8919915529032303
200
200 kl-divergence: 0.37893496649900144
200 kl-divergence unigram: 0.9064510121686733
200 kl-divergence bigram: 3.256740594495773
13000
13000 kl-divergence: 2.3001294563214563
13000 kl-divergence unigram: 4.485526443355267
13000 kl-divergence bigram: 4.018224400442454
300
300 kl-divergence: 0.47015439718418106
300 kl-divergence unigram: 0.9330843608311791
300 kl-divergence bigram: 2.8052856616048554
14000
14000 kl-divergence: 2.425777396724012
14000 kl-divergence unigram: 4.642209428406274
14000 kl-divergence bigram: 4.165037235189983
400
400 kl-divergence: 0.24761671233998944
400 kl-divergence unigram: 1.1872039387675206
400 kl-divergence bigram: 2.6784931991025176
15000
15000 kl-divergence: 2.277706773788963
15000 kl-divergence unigram: 4.471729755868636
15000 kl-divergence bigram: 3.9939229973322106
500
500 kl-divergence: 0.2833707863126262
500 kl-divergence unigram: 1.3744797704453702
500 kl-divergence bigram: 2.621709899128538
16000
16000 kl-divergence: 2.364818285553849
16000 kl-divergence unigram: 4.5549717344658545
16000 kl-divergence bigram: 4.08538835835343
600
600 kl-divergence: 0.3215048227393518
600 kl-divergence unigram: 1.5160129391963084
600 kl-divergence bigram: 2.455600299387751
17000
17000 kl-divergence: 2.4691630743742166
17000 kl-divergence unigram: 4.686854552956506
17000 kl-divergence bigram: 4.219865740761091
18000
18000 kl-divergence: 2.416407659989404
18000 kl-divergence unigram: 4.625630322667409
18000 kl-divergence bigram: 4.1755081594748775
700
700 kl-divergence: 0.4537575945700801
700 kl-divergence unigram: 1.874224595877781
700 kl-divergence bigram: 2.3912022661642434
19000
19000 kl-divergence: 2.371166437633199
19000 kl-divergence unigram: 4.5539651155267125
19000 kl-divergence bigram: 4.116750071927238
800
800 kl-divergence: 0.3815700467616341
800 kl-divergence unigram: 1.961380142099347
800 kl-divergence bigram: 2.211353843378934
20000
20000 kl-divergence: 2.3518777210888273
20000 kl-divergence unigram: 4.551043707781046
20000 kl-divergence bigram: 4.087508535698266
900
900 kl-divergence: 0.4937553803464967
900 kl-divergence unigram: 2.2735753999444652
900 kl-divergence bigram: 2.3551484370454423
21000
21000 kl-divergence: 2.3856115553800135
21000 kl-divergence unigram: 4.571838501923079
21000 kl-divergence bigram: 4.136912992472559
22000
22000 kl-divergence: 2.4292631054537632
22000 kl-divergence unigram: 4.630774158806778
22000 kl-divergence bigram: 4.179207825730721
23000
23000 kl-divergence: 2.4244984027415195
23000 kl-divergence unigram: 4.575223848827759
23000 kl-divergence bigram: 4.163424421525916
1500
1500 kl-divergence: 0.5767424013240819
1500 kl-divergence unigram: 2.5837087530871403
1500 kl-divergence bigram: 2.160955422170246
2000
2000 kl-divergence: 0.8198803982500344
2000 kl-divergence unigram: 2.977564447482824
2000 kl-divergence bigram: 2.4208592890830376
24000
24000 kl-divergence: 2.4468676180307973
24000 kl-divergence unigram: 4.631001881410977
24000 kl-divergence bigram: 4.184447453887243
25000
25000 kl-divergence: 2.511819879730462
25000 kl-divergence unigram: 4.71036203358664
25000 kl-divergence bigram: 4.285818659168918
26000
26000 kl-divergence: 2.504202219026339
26000 kl-divergence unigram: 4.681569365272926
26000 kl-divergence bigram: 4.263233101465214
27000
27000 kl-divergence: 2.5025956011370796
27000 kl-divergence unigram: 4.662909226870421
27000 kl-divergence bigram: 4.248935554177354
28000
28000 kl-divergence: 2.5471493643374474
28000 kl-divergence unigram: 4.684959059531452
28000 kl-divergence bigram: 4.26703575849674
29000
29000 kl-divergence: 2.4857231711750516
29000 kl-divergence unigram: 4.693114304605466
29000 kl-divergence bigram: 4.260362193446695
30000
30000 kl-divergence: 2.5755456392110365
30000 kl-divergence unigram: 4.76164480174981
30000 kl-divergence bigram: 4.3344808358252305
31000
31000 kl-divergence: 2.6199772789847517
31000 kl-divergence unigram: 4.827627510283152
31000 kl-divergence bigram: 4.417125150799247
32000
32000 kl-divergence: 2.5752065543528793
32000 kl-divergence unigram: 4.756100527065972
32000 kl-divergence bigram: 4.342943822433488
33000
33000 kl-divergence: 2.6144684795843776
33000 kl-divergence unigram: 4.803663724406315
33000 kl-divergence bigram: 4.388576899362105
34000
34000 kl-divergence: 2.7018794244999196
34000 kl-divergence unigram: 4.89745412395413
34000 kl-divergence bigram: 4.492937818555253
35000
35000 kl-divergence: 2.6130963496562023
35000 kl-divergence unigram: 4.796425327794012
35000 kl-divergence bigram: 4.394129850416266
36000
36000 kl-divergence: 2.5967811463972743
36000 kl-divergence unigram: 4.758915136201688
36000 kl-divergence bigram: 4.36835075879761
2500
2500 kl-divergence: 0.9128360030261125
2500 kl-divergence unigram: 3.133629635589796
2500 kl-divergence bigram: 2.5007843739501037
3000
3000 kl-divergence: 1.205646148437274
3000 kl-divergence unigram: 3.573396246671313
3000 kl-divergence bigram: 2.8712579103797835
37000
37000 kl-divergence: 2.6451819023627694
37000 kl-divergence unigram: 4.822864884512133
37000 kl-divergence bigram: 4.406732907108111
38000
38000 kl-divergence: 2.639233226282002
38000 kl-divergence unigram: 4.811282249706897
38000 kl-divergence bigram: 4.400425367001847
39000
39000 kl-divergence: 2.580733876886845
39000 kl-divergence unigram: 4.7858198533914145
39000 kl-divergence bigram: 4.3698045648141886
40000
40000 kl-divergence: 2.686643840232391
40000 kl-divergence unigram: 4.89734318394074
40000 kl-divergence bigram: 4.486916970176307
41000
41000 kl-divergence: 2.755615539755728
41000 kl-divergence unigram: 4.964107083824849
41000 kl-divergence bigram: 4.5518788342809025
42000
42000 kl-divergence: 2.750192362817869
42000 kl-divergence unigram: 4.962227059364748
42000 kl-divergence bigram: 4.555676426828474
43000
43000 kl-divergence: 2.7389668649737313
43000 kl-divergence unigram: 4.915202338638533
43000 kl-divergence bigram: 4.515326686814027
44000
44000 kl-divergence: 2.7145795847053518
44000 kl-divergence unigram: 4.907361125689307
44000 kl-divergence bigram: 4.502199455704747
45000
45000 kl-divergence: 2.7560073277015724
45000 kl-divergence unigram: 4.94094839523625
45000 kl-divergence bigram: 4.546981902628981
46000
46000 kl-divergence: 2.7832263116884124
46000 kl-divergence unigram: 4.9757753567369
46000 kl-divergence bigram: 4.576133434404695
47000
47000 kl-divergence: 2.8164085494749695
47000 kl-divergence unigram: 4.986888114663852
47000 kl-divergence bigram: 4.612928889858686
48000
48000 kl-divergence: 2.7621865240975128
48000 kl-divergence unigram: 4.961610438436493
48000 kl-divergence bigram: 4.572572819992666
3500
3500 kl-divergence: 1.421625899994173
3500 kl-divergence unigram: 3.6879641077207426
3500 kl-divergence bigram: 3.0494731251148246
4000
4000 kl-divergence: 1.56530997043329
4000 kl-divergence unigram: 3.8682679706506176
4000 kl-divergence bigram: 3.203589313318291
49000
49000 kl-divergence: 2.9208406862791816
49000 kl-divergence unigram: 5.096938713017519
49000 kl-divergence bigram: 4.7107704019012
4500
4500 kl-divergence: 1.6465779894578279
4500 kl-divergence unigram: 3.950353067366038
4500 kl-divergence bigram: 3.2985620054531024
50000
50000 kl-divergence: 2.821071945017332
50000 kl-divergence unigram: 5.089964926890496
50000 kl-divergence bigram: 4.663959740001995
51000
51000 kl-divergence: 2.826270811040188
51000 kl-divergence unigram: 5.059584759821072
51000 kl-divergence bigram: 4.650384217874389
52000
52000 kl-divergence: 2.7907977958625074
52000 kl-divergence unigram: 4.983794270590973
52000 kl-divergence bigram: 4.5867450601317765
53000
53000 kl-divergence: 2.841262872654007
53000 kl-divergence unigram: 5.034263065674789
53000 kl-divergence bigram: 4.6479580012578205
54000
54000 kl-divergence: 2.837311411133112
54000 kl-divergence unigram: 5.060088774994158
54000 kl-divergence bigram: 4.65831059107853
55000
55000 kl-divergence: 2.8070425757298345
55000 kl-divergence unigram: 5.027822205520615
55000 kl-divergence bigram: 4.629782019799345
56000
56000 kl-divergence: 2.8861275003971145
56000 kl-divergence unigram: 5.130773565036313
56000 kl-divergence bigram: 4.729356546142643
57000
57000 kl-divergence: 2.891126120481296
57000 kl-divergence unigram: 5.11946683053337
57000 kl-divergence bigram: 4.719422486942683
58000
58000 kl-divergence: 2.866623568025031
58000 kl-divergence unigram: 5.069017285979195
58000 kl-divergence bigram: 4.68107108587061
59000
59000 kl-divergence: 2.86244847425824
59000 kl-divergence unigram: 5.0849152666811905
59000 kl-divergence bigram: 4.678256468010864
60000
60000 kl-divergence: 2.953476794127337
60000 kl-divergence unigram: 5.154617647073705
60000 kl-divergence bigram: 4.781198769607729
61000
61000 kl-divergence: 2.905237828907188
61000 kl-divergence unigram: 5.102096191846644
61000 kl-divergence bigram: 4.7118914596967505
5000
5000 kl-divergence: 1.8954705528328821
5000 kl-divergence unigram: 4.1375459054058
5000 kl-divergence bigram: 3.5331547298558506
5500
5500 kl-divergence: 1.9160193733782038
5500 kl-divergence unigram: 4.144522699564826
5500 kl-divergence bigram: 3.5447596673592234
62000
62000 kl-divergence: 2.9436400807888665
62000 kl-divergence unigram: 5.150273717152987
62000 kl-divergence bigram: 4.767172958938682
63000
63000 kl-divergence: 2.862016854998637
63000 kl-divergence unigram: 5.034151184669081
63000 kl-divergence bigram: 4.65614286608008
64000
64000 kl-divergence: 3.003276533695115
64000 kl-divergence unigram: 5.23549956571353
64000 kl-divergence bigram: 4.843892226446893
65000
65000 kl-divergence: 2.987087542241404
65000 kl-divergence unigram: 5.236664227021067
65000 kl-divergence bigram: 4.842987567679127
66000
66000 kl-divergence: 3.0061295495421416
66000 kl-divergence unigram: 5.255678740874115
66000 kl-divergence bigram: 4.836683124907335
67000
67000 kl-divergence: 3.0161509918838747
67000 kl-divergence unigram: 5.27092491279009
67000 kl-divergence bigram: 4.867177492979368
68000
68000 kl-divergence: 2.9777822821745246
68000 kl-divergence unigram: 5.192912395685273
68000 kl-divergence bigram: 4.799229195934356
69000
69000 kl-divergence: 2.9688167376822108
69000 kl-divergence unigram: 5.183940813158862
69000 kl-divergence bigram: 4.794436958211502
70000
70000 kl-divergence: 2.9717161197348707
70000 kl-divergence unigram: 5.181823653922501
70000 kl-divergence bigram: 4.7902060302437866
71000
71000 kl-divergence: 2.9377991164338226
71000 kl-divergence unigram: 5.162255624838184
71000 kl-divergence bigram: 4.765474335020318
72000
72000 kl-divergence: 3.079984614549223
72000 kl-divergence unigram: 5.296470373087866
72000 kl-divergence bigram: 4.918445314869609
73000
73000 kl-divergence: 3.073569677555786
73000 kl-divergence unigram: 5.317028864467891
73000 kl-divergence bigram: 4.92034227564713
6000
6000 kl-divergence: 2.003952995028579
6000 kl-divergence unigram: 4.223948141173047
6000 kl-divergence bigram: 3.660469793002031
6500
6500 kl-divergence: 1.9857250956081471
6500 kl-divergence unigram: 4.160991562092432
6500 kl-divergence bigram: 3.625718645266489
74000
74000 kl-divergence: 3.104505361933473
74000 kl-divergence unigram: 5.290982955709287
74000 kl-divergence bigram: 4.916386051190844
75000
75000 kl-divergence: 2.9761017080566385
75000 kl-divergence unigram: 5.2048510225174764
75000 kl-divergence bigram: 4.809670987052762
76000
76000 kl-divergence: 3.090179883608409
76000 kl-divergence unigram: 5.345433114856057
76000 kl-divergence bigram: 4.950120304476729
77000
77000 kl-divergence: 2.9729023683257703
77000 kl-divergence unigram: 5.1926720758552385
77000 kl-divergence bigram: 4.805384674195996
78000
78000 kl-divergence: 3.041381679603134
78000 kl-divergence unigram: 5.277173827480722
78000 kl-divergence bigram: 4.8886649331991014
79000
79000 kl-divergence: 3.020193216916353
79000 kl-divergence unigram: 5.237086218466503
79000 kl-divergence bigram: 4.849124499241114
80000
80000 kl-divergence: 3.0713688810441124
80000 kl-divergence unigram: 5.325719428793592
80000 kl-divergence bigram: 4.93110144215792
81000
81000 kl-divergence: 3.0609650722373054
81000 kl-divergence unigram: 5.305396028907054
81000 kl-divergence bigram: 4.896105384463927
82000
82000 kl-divergence: 3.1425842374486033
82000 kl-divergence unigram: 5.381435086305526
82000 kl-divergence bigram: 4.99437012427686
83000
83000 kl-divergence: 3.089902855044307
83000 kl-divergence unigram: 5.324022667397105
83000 kl-divergence bigram: 4.92744868256237
84000
84000 kl-divergence: 3.1511015831597815
84000 kl-divergence unigram: 5.383280534518706
84000 kl-divergence bigram: 5.001003264100106
85000
85000 kl-divergence: 3.0802039732237056
85000 kl-divergence unigram: 5.361354109513333
85000 kl-divergence bigram: 4.932899773056831
86000
86000 kl-divergence: 3.1046501527975683
86000 kl-divergence unigram: 5.311198142952094
86000 kl-divergence bigram: 4.925227461531561
7000
7000 kl-divergence: 2.0753792328837877
7000 kl-divergence unigram: 4.2456135776579975
7000 kl-divergence bigram: 3.727788870952157
7500
7500 kl-divergence: 2.1367990141638784
7500 kl-divergence unigram: 4.335648468384947
7500 kl-divergence bigram: 3.7894022363798605
87000
87000 kl-divergence: 3.093162361678373
87000 kl-divergence unigram: 5.31705002020093
87000 kl-divergence bigram: 4.927731156823488
88000
88000 kl-divergence: 3.1176815145414105
88000 kl-divergence unigram: 5.332463854503887
88000 kl-divergence bigram: 4.952731869472065
89000
89000 kl-divergence: 3.1130944993742165
89000 kl-divergence unigram: 5.344914396493902
89000 kl-divergence bigram: 4.962122375708418
90000
90000 kl-divergence: 3.2055955713735718
90000 kl-divergence unigram: 5.4193107814026575
90000 kl-divergence bigram: 5.039751235694352
91000
91000 kl-divergence: 3.2065398611058784
91000 kl-divergence unigram: 5.437934218971757
91000 kl-divergence bigram: 5.053852864644529
92000
92000 kl-divergence: 3.1244313343999646
92000 kl-divergence unigram: 5.377012694851812
92000 kl-divergence bigram: 4.96683670119262
93000
93000 kl-divergence: 3.114875462434372
93000 kl-divergence unigram: 5.342600017118393
93000 kl-divergence bigram: 4.95466885594965
94000
94000 kl-divergence: 3.166157657275317
94000 kl-divergence unigram: 5.42619917185163
94000 kl-divergence bigram: 5.032109776672547
95000
95000 kl-divergence: 3.1373249528140015
95000 kl-divergence unigram: 5.403394313351449
95000 kl-divergence bigram: 4.989598832579599
96000
96000 kl-divergence: 3.1193919115683437
96000 kl-divergence unigram: 5.340337839745507
96000 kl-divergence bigram: 4.952989609934677
97000
97000 kl-divergence: 3.241492447724465
97000 kl-divergence unigram: 5.4769300636926035
97000 kl-divergence bigram: 5.092816093514233
98000
98000 kl-divergence: 3.2115936843796025
98000 kl-divergence unigram: 5.468966775089917
98000 kl-divergence bigram: 5.0809254811823354
8000
8000 kl-divergence: 2.1955947851116533
8000 kl-divergence unigram: 4.337756528292879
8000 kl-divergence bigram: 3.8249464349097515
8500
8500 kl-divergence: 2.1808942488208665
8500 kl-divergence unigram: 4.361432244546478
8500 kl-divergence bigram: 3.846403330047136
99000
99000 kl-divergence: 3.202415156541921
99000 kl-divergence unigram: 5.46268028893954
99000 kl-divergence bigram: 5.074785406201908
9000
9000 kl-divergence: 2.09441398142397
9000 kl-divergence unigram: 4.303150709179119
9000 kl-divergence bigram: 3.784539449276083
100000
100000 kl-divergence: 3.186956071157542
100000 kl-divergence unigram: 5.4094125259221775
100000 kl-divergence bigram: 5.051770352970647
10000
10000 kl-divergence: 2.2421085166046333
10000 kl-divergence unigram: 4.4219262407461
10000 kl-divergence bigram: 3.9478511910373895
9500
9500 kl-divergence: 2.199860250836709
9500 kl-divergence unigram: 4.405799790817915
9500 kl-divergence bigram: 3.8882842604375862
[(100, 0.7023011023812168), (200, 0.37893496649900144), (300, 0.47015439718418106), (400, 0.24761671233998944), (500, 0.2833707863126262), (600, 0.3215048227393518), (700, 0.4537575945700801), (800, 0.3815700467616341), (900, 0.4937553803464967), (1000, 0.45576669013429794), (1500, 0.5767424013240819), (2000, 0.8198803982500344), (2500, 0.9128360030261125), (3000, 1.205646148437274), (3500, 1.421625899994173), (4000, 1.56530997043329), (4500, 1.6465779894578279), (5000, 1.8954705528328821), (5500, 1.9160193733782038), (6000, 2.003952995028579), (6500, 1.9857250956081471), (7000, 2.0753792328837877), (7500, 2.1367990141638784), (8000, 2.1955947851116533), (8500, 2.1808942488208665), (9000, 2.09441398142397), (9500, 2.199860250836709), (10000, 2.2421085166046333), (11000, 2.2361445350218148), (12000, 2.186255529295944), (13000, 2.3001294563214563), (14000, 2.425777396724012), (15000, 2.277706773788963), (16000, 2.364818285553849), (17000, 2.4691630743742166), (18000, 2.416407659989404), (19000, 2.371166437633199), (20000, 2.3518777210888273), (21000, 2.3856115553800135), (22000, 2.4292631054537632), (23000, 2.4244984027415195), (24000, 2.4468676180307973), (25000, 2.511819879730462), (26000, 2.504202219026339), (27000, 2.5025956011370796), (28000, 2.5471493643374474), (29000, 2.4857231711750516), (30000, 2.5755456392110365), (31000, 2.6199772789847517), (32000, 2.5752065543528793), (33000, 2.6144684795843776), (34000, 2.7018794244999196), (35000, 2.6130963496562023), (36000, 2.5967811463972743), (37000, 2.6451819023627694), (38000, 2.639233226282002), (39000, 2.580733876886845), (40000, 2.686643840232391), (41000, 2.755615539755728), (42000, 2.750192362817869), (43000, 2.7389668649737313), (44000, 2.7145795847053518), (45000, 2.7560073277015724), (46000, 2.7832263116884124), (47000, 2.8164085494749695), (48000, 2.7621865240975128), (49000, 2.9208406862791816), (50000, 2.821071945017332), (51000, 2.826270811040188), (52000, 2.7907977958625074), (53000, 2.841262872654007), (54000, 2.837311411133112), (55000, 2.8070425757298345), (56000, 2.8861275003971145), (57000, 2.891126120481296), (58000, 2.866623568025031), (59000, 2.86244847425824), (60000, 2.953476794127337), (61000, 2.905237828907188), (62000, 2.9436400807888665), (63000, 2.862016854998637), (64000, 3.003276533695115), (65000, 2.987087542241404), (66000, 3.0061295495421416), (67000, 3.0161509918838747), (68000, 2.9777822821745246), (69000, 2.9688167376822108), (70000, 2.9717161197348707), (71000, 2.9377991164338226), (72000, 3.079984614549223), (73000, 3.073569677555786), (74000, 3.104505361933473), (75000, 2.9761017080566385), (76000, 3.090179883608409), (77000, 2.9729023683257703), (78000, 3.041381679603134), (79000, 3.020193216916353), (80000, 3.0713688810441124), (81000, 3.0609650722373054), (82000, 3.1425842374486033), (83000, 3.089902855044307), (84000, 3.1511015831597815), (85000, 3.0802039732237056), (86000, 3.1046501527975683), (87000, 3.093162361678373), (88000, 3.1176815145414105), (89000, 3.1130944993742165), (90000, 3.2055955713735718), (91000, 3.2065398611058784), (92000, 3.1244313343999646), (93000, 3.114875462434372), (94000, 3.166157657275317), (95000, 3.1373249528140015), (96000, 3.1193919115683437), (97000, 3.241492447724465), (98000, 3.2115936843796025), (99000, 3.202415156541921), (100000, 3.186956071157542)]
(100, 200, 300, 400, 500, 600, 700, 800, 900, 1000, 1500, 2000, 2500, 3000, 3500, 4000, 4500, 5000, 5500, 6000, 6500, 7000, 7500, 8000, 8500, 9000, 9500, 10000, 11000, 12000, 13000, 14000, 15000, 16000, 17000, 18000, 19000, 20000, 21000, 22000, 23000, 24000, 25000, 26000, 27000, 28000, 29000, 30000, 31000, 32000, 33000, 34000, 35000, 36000, 37000, 38000, 39000, 40000, 41000, 42000, 43000, 44000, 45000, 46000, 47000, 48000, 49000, 50000, 51000, 52000, 53000, 54000, 55000, 56000, 57000, 58000, 59000, 60000, 61000, 62000, 63000, 64000, 65000, 66000, 67000, 68000, 69000, 70000, 71000, 72000, 73000, 74000, 75000, 76000, 77000, 78000, 79000, 80000, 81000, 82000, 83000, 84000, 85000, 86000, 87000, 88000, 89000, 90000, 91000, 92000, 93000, 94000, 95000, 96000, 97000, 98000, 99000, 100000)
[(100, 1.4468768700779515), (200, 0.9064510121686733), (300, 0.9330843608311791), (400, 1.1872039387675206), (500, 1.3744797704453702), (600, 1.5160129391963084), (700, 1.874224595877781), (800, 1.961380142099347), (900, 2.2735753999444652), (1000, 2.359818341947187), (1500, 2.5837087530871403), (2000, 2.977564447482824), (2500, 3.133629635589796), (3000, 3.573396246671313), (3500, 3.6879641077207426), (4000, 3.8682679706506176), (4500, 3.950353067366038), (5000, 4.1375459054058), (5500, 4.144522699564826), (6000, 4.223948141173047), (6500, 4.160991562092432), (7000, 4.2456135776579975), (7500, 4.335648468384947), (8000, 4.337756528292879), (8500, 4.361432244546478), (9000, 4.303150709179119), (9500, 4.405799790817915), (10000, 4.4219262407461), (11000, 4.405626155764653), (12000, 4.383609254772661), (13000, 4.485526443355267), (14000, 4.642209428406274), (15000, 4.471729755868636), (16000, 4.5549717344658545), (17000, 4.686854552956506), (18000, 4.625630322667409), (19000, 4.5539651155267125), (20000, 4.551043707781046), (21000, 4.571838501923079), (22000, 4.630774158806778), (23000, 4.575223848827759), (24000, 4.631001881410977), (25000, 4.71036203358664), (26000, 4.681569365272926), (27000, 4.662909226870421), (28000, 4.684959059531452), (29000, 4.693114304605466), (30000, 4.76164480174981), (31000, 4.827627510283152), (32000, 4.756100527065972), (33000, 4.803663724406315), (34000, 4.89745412395413), (35000, 4.796425327794012), (36000, 4.758915136201688), (37000, 4.822864884512133), (38000, 4.811282249706897), (39000, 4.7858198533914145), (40000, 4.89734318394074), (41000, 4.964107083824849), (42000, 4.962227059364748), (43000, 4.915202338638533), (44000, 4.907361125689307), (45000, 4.94094839523625), (46000, 4.9757753567369), (47000, 4.986888114663852), (48000, 4.961610438436493), (49000, 5.096938713017519), (50000, 5.089964926890496), (51000, 5.059584759821072), (52000, 4.983794270590973), (53000, 5.034263065674789), (54000, 5.060088774994158), (55000, 5.027822205520615), (56000, 5.130773565036313), (57000, 5.11946683053337), (58000, 5.069017285979195), (59000, 5.0849152666811905), (60000, 5.154617647073705), (61000, 5.102096191846644), (62000, 5.150273717152987), (63000, 5.034151184669081), (64000, 5.23549956571353), (65000, 5.236664227021067), (66000, 5.255678740874115), (67000, 5.27092491279009), (68000, 5.192912395685273), (69000, 5.183940813158862), (70000, 5.181823653922501), (71000, 5.162255624838184), (72000, 5.296470373087866), (73000, 5.317028864467891), (74000, 5.290982955709287), (75000, 5.2048510225174764), (76000, 5.345433114856057), (77000, 5.1926720758552385), (78000, 5.277173827480722), (79000, 5.237086218466503), (80000, 5.325719428793592), (81000, 5.305396028907054), (82000, 5.381435086305526), (83000, 5.324022667397105), (84000, 5.383280534518706), (85000, 5.361354109513333), (86000, 5.311198142952094), (87000, 5.31705002020093), (88000, 5.332463854503887), (89000, 5.344914396493902), (90000, 5.4193107814026575), (91000, 5.437934218971757), (92000, 5.377012694851812), (93000, 5.342600017118393), (94000, 5.42619917185163), (95000, 5.403394313351449), (96000, 5.340337839745507), (97000, 5.4769300636926035), (98000, 5.468966775089917), (99000, 5.46268028893954), (100000, 5.4094125259221775)]
(100, 200, 300, 400, 500, 600, 700, 800, 900, 1000, 1500, 2000, 2500, 3000, 3500, 4000, 4500, 5000, 5500, 6000, 6500, 7000, 7500, 8000, 8500, 9000, 9500, 10000, 11000, 12000, 13000, 14000, 15000, 16000, 17000, 18000, 19000, 20000, 21000, 22000, 23000, 24000, 25000, 26000, 27000, 28000, 29000, 30000, 31000, 32000, 33000, 34000, 35000, 36000, 37000, 38000, 39000, 40000, 41000, 42000, 43000, 44000, 45000, 46000, 47000, 48000, 49000, 50000, 51000, 52000, 53000, 54000, 55000, 56000, 57000, 58000, 59000, 60000, 61000, 62000, 63000, 64000, 65000, 66000, 67000, 68000, 69000, 70000, 71000, 72000, 73000, 74000, 75000, 76000, 77000, 78000, 79000, 80000, 81000, 82000, 83000, 84000, 85000, 86000, 87000, 88000, 89000, 90000, 91000, 92000, 93000, 94000, 95000, 96000, 97000, 98000, 99000, 100000)
[(100, 3.8120779316331572), (200, 3.256740594495773), (300, 2.8052856616048554), (400, 2.6784931991025176), (500, 2.621709899128538), (600, 2.455600299387751), (700, 2.3912022661642434), (800, 2.211353843378934), (900, 2.3551484370454423), (1000, 2.234187226777783), (1500, 2.160955422170246), (2000, 2.4208592890830376), (2500, 2.5007843739501037), (3000, 2.8712579103797835), (3500, 3.0494731251148246), (4000, 3.203589313318291), (4500, 3.2985620054531024), (5000, 3.5331547298558506), (5500, 3.5447596673592234), (6000, 3.660469793002031), (6500, 3.625718645266489), (7000, 3.727788870952157), (7500, 3.7894022363798605), (8000, 3.8249464349097515), (8500, 3.846403330047136), (9000, 3.784539449276083), (9500, 3.8882842604375862), (10000, 3.9478511910373895), (11000, 3.933505609864298), (12000, 3.8919915529032303), (13000, 4.018224400442454), (14000, 4.165037235189983), (15000, 3.9939229973322106), (16000, 4.08538835835343), (17000, 4.219865740761091), (18000, 4.1755081594748775), (19000, 4.116750071927238), (20000, 4.087508535698266), (21000, 4.136912992472559), (22000, 4.179207825730721), (23000, 4.163424421525916), (24000, 4.184447453887243), (25000, 4.285818659168918), (26000, 4.263233101465214), (27000, 4.248935554177354), (28000, 4.26703575849674), (29000, 4.260362193446695), (30000, 4.3344808358252305), (31000, 4.417125150799247), (32000, 4.342943822433488), (33000, 4.388576899362105), (34000, 4.492937818555253), (35000, 4.394129850416266), (36000, 4.36835075879761), (37000, 4.406732907108111), (38000, 4.400425367001847), (39000, 4.3698045648141886), (40000, 4.486916970176307), (41000, 4.5518788342809025), (42000, 4.555676426828474), (43000, 4.515326686814027), (44000, 4.502199455704747), (45000, 4.546981902628981), (46000, 4.576133434404695), (47000, 4.612928889858686), (48000, 4.572572819992666), (49000, 4.7107704019012), (50000, 4.663959740001995), (51000, 4.650384217874389), (52000, 4.5867450601317765), (53000, 4.6479580012578205), (54000, 4.65831059107853), (55000, 4.629782019799345), (56000, 4.729356546142643), (57000, 4.719422486942683), (58000, 4.68107108587061), (59000, 4.678256468010864), (60000, 4.781198769607729), (61000, 4.7118914596967505), (62000, 4.767172958938682), (63000, 4.65614286608008), (64000, 4.843892226446893), (65000, 4.842987567679127), (66000, 4.836683124907335), (67000, 4.867177492979368), (68000, 4.799229195934356), (69000, 4.794436958211502), (70000, 4.7902060302437866), (71000, 4.765474335020318), (72000, 4.918445314869609), (73000, 4.92034227564713), (74000, 4.916386051190844), (75000, 4.809670987052762), (76000, 4.950120304476729), (77000, 4.805384674195996), (78000, 4.8886649331991014), (79000, 4.849124499241114), (80000, 4.93110144215792), (81000, 4.896105384463927), (82000, 4.99437012427686), (83000, 4.92744868256237), (84000, 5.001003264100106), (85000, 4.932899773056831), (86000, 4.925227461531561), (87000, 4.927731156823488), (88000, 4.952731869472065), (89000, 4.962122375708418), (90000, 5.039751235694352), (91000, 5.053852864644529), (92000, 4.96683670119262), (93000, 4.95466885594965), (94000, 5.032109776672547), (95000, 4.989598832579599), (96000, 4.952989609934677), (97000, 5.092816093514233), (98000, 5.0809254811823354), (99000, 5.074785406201908), (100000, 5.051770352970647)]
(100, 200, 300, 400, 500, 600, 700, 800, 900, 1000, 1500, 2000, 2500, 3000, 3500, 4000, 4500, 5000, 5500, 6000, 6500, 7000, 7500, 8000, 8500, 9000, 9500, 10000, 11000, 12000, 13000, 14000, 15000, 16000, 17000, 18000, 19000, 20000, 21000, 22000, 23000, 24000, 25000, 26000, 27000, 28000, 29000, 30000, 31000, 32000, 33000, 34000, 35000, 36000, 37000, 38000, 39000, 40000, 41000, 42000, 43000, 44000, 45000, 46000, 47000, 48000, 49000, 50000, 51000, 52000, 53000, 54000, 55000, 56000, 57000, 58000, 59000, 60000, 61000, 62000, 63000, 64000, 65000, 66000, 67000, 68000, 69000, 70000, 71000, 72000, 73000, 74000, 75000, 76000, 77000, 78000, 79000, 80000, 81000, 82000, 83000, 84000, 85000, 86000, 87000, 88000, 89000, 90000, 91000, 92000, 93000, 94000, 95000, 96000, 97000, 98000, 99000, 100000)
