checkpoint_12_170000.pt
1000
source_contribution:  0.5705910422129282 0.06391125523810402
target_contribution:  0.42940897063919115 0.06391125355391337
checkpoint_6_80000.pt
1000
source_contribution:  0.22601361118280316 0.17172163786085629
target_contribution:  0.7739863971811645 0.17172163807361304
checkpoint_1_900.pt
1000
source_contribution:  0.613574484247344 0.041133442960110095
target_contribution:  0.38642553040180366 0.04113344355479574
checkpoint_11_154000.pt
1000
source_contribution:  0.5570386227228893 0.0635091930504455
target_contribution:  0.44296139097564413 0.06350919070023335
checkpoint_8_112000.pt
1000
source_contribution:  0.37028148930350413 0.18366706563791094
target_contribution:  0.6297185236796793 0.1836670650619011
checkpoint_4_53000.pt
1000
source_contribution:  0.17625210786438844 0.12244387803783964
target_contribution:  0.823747904236999 0.12244387584645118
checkpoint_3_34000.pt
1000
source_contribution:  0.21123447700902823 0.13087545050334504
target_contribution:  0.788765534369744 0.13087545096724487
checkpoint_3_39000.pt
1000
source_contribution:  0.22625935741325487 0.14371384364536746
target_contribution:  0.7737406529829364 0.1437138417420849
checkpoint_5_65000.pt
1000
source_contribution:  0.15625640388782494 0.10117185991394037
target_contribution:  0.8437436077605758 0.10117186095513027
checkpoint_9_125000.pt
1000
source_contribution:  0.4726787704171417 0.0682307097027212
target_contribution:  0.527321239634746 0.06823071036660146
checkpoint_4_58000.pt
1000
source_contribution:  0.2049394670763346 0.13607952284660882
target_contribution:  0.7950605457139711 0.13607952270621354
checkpoint_10_146000.pt
1000
source_contribution:  0.549500781590412 0.06314289981052422
target_contribution:  0.4504992284687042 0.06314290136302066
checkpoint_13_179000.pt
1000
source_contribution:  0.5846937051523957 0.06550146753144194
target_contribution:  0.41530630700999305 0.06550146837725239
checkpoint_10_141000.pt
1000
source_contribution:  0.5356985516205044 0.06528673135707999
target_contribution:  0.46430146097386366 0.06528673362648728
checkpoint_4_51000.pt
1000
source_contribution:  0.1941806679932306 0.12248651653820541
target_contribution:  0.805819343303994 0.12248651865072102
checkpoint_12_174000.pt
1000
source_contribution:  0.5882995323855883 0.06494263433428173
target_contribution:  0.41170048039339663 0.0649426339802778
checkpoint_11_152000.pt
1000
source_contribution:  0.5575775094166476 0.06309244007233013
target_contribution:  0.4424225029689529 0.063092441821617
checkpoint_4_45000.pt
1000
source_contribution:  0.18950615977352323 0.13260685383406018
target_contribution:  0.8104938531659516 0.13260685369470648
checkpoint_5_66000.pt
1000
source_contribution:  0.1911615209926942 0.14954614869578667
target_contribution:  0.8088384895304616 0.14954614825415308
checkpoint_4_56000.pt
1000
source_contribution:  0.21344440133482787 0.13468940385876818
target_contribution:  0.7865556116624784 0.13468940663193016
checkpoint_1_4000.pt
1000
source_contribution:  0.3847125051595983 0.05606684271735098
target_contribution:  0.6152875085557888 0.05606684168029822
checkpoint_3_42000.pt
1000
source_contribution:  0.1922477582697237 0.11781584534461848
target_contribution:  0.8077522510535782 0.11781584437259582
checkpoint_6_84000.pt
1000
source_contribution:  0.19479340680148705 0.14744390006944866
target_contribution:  0.8052066035676796 0.14744389929159332
checkpoint_1_9500.pt
1000
source_contribution:  0.29731636896142893 0.12997611165917036
target_contribution:  0.7026836430167918 0.12997611081268612
checkpoint_1_14000.pt
1000
source_contribution:  0.22840172247520182 0.07442309434840433
target_contribution:  0.7715982918277052 0.07442309461476958
checkpoint_3_41000.pt
1000
source_contribution:  0.22719179366183345 0.14057181203134844
target_contribution:  0.7728082175973189 0.14057181191630133
checkpoint_13_180000.pt
1000
source_contribution:  0.5787148747898115 0.06428556464073114
target_contribution:  0.42128513762537123 0.06428556370165739
checkpoint_13_176000.pt
1000
source_contribution:  0.5833997607507897 0.06536361947217485
target_contribution:  0.41660024869033485 0.06536361709704454
checkpoint_1_4500.pt
1000
source_contribution:  0.38291513643975383 0.048488415275664505
target_contribution:  0.6170848769298225 0.04848841548232638
checkpoint_1_13000.pt
1000
source_contribution:  0.21661529656894976 0.0700095891746594
target_contribution:  0.7833847147471136 0.07000958905021842
checkpoint_8_114000.pt
1000
source_contribution:  0.4216917030049959 0.11803613024362083
target_contribution:  0.5783083112639322 0.11803612963847973
checkpoint_13_177000.pt
1000
source_contribution:  0.5755596603989086 0.06610385927691995
target_contribution:  0.42444035068838193 0.06610385975799957
checkpoint_1_700.pt
1000
source_contribution:  0.7228939402285017 0.02264577684289941
target_contribution:  0.2771060751639671 0.022645776426067247
checkpoint_14_192000.pt
1000
source_contribution:  0.5838249097541081 0.06461961462726397
target_contribution:  0.416175103101127 0.06461961517560448
checkpoint_11_148000.pt
1000
source_contribution:  0.5572516812039618 0.06383792532880575
target_contribution:  0.4427483308913606 0.06383792363618476
checkpoint_11_147000.pt
1000
source_contribution:  0.5581891343347343 0.06344848052263681
target_contribution:  0.4418108776621747 0.06344848055006731
checkpoint_5_72000.pt
1000
source_contribution:  0.19654699301327042 0.1427434300558596
target_contribution:  0.8034530189502598 0.14274342901441486
checkpoint_3_36000.pt
1000
source_contribution:  0.19789507106587662 0.1527078635501624
target_contribution:  0.802104939204937 0.15270786128340652
checkpoint_5_59000.pt
1000
source_contribution:  0.18457628999269862 0.12060214377272499
target_contribution:  0.8154237224537982 0.12060214320665899
checkpoint_12_173000.pt
1000
source_contribution:  0.5719092160092305 0.06525633955248768
target_contribution:  0.42809079738767775 0.06525633837877418
checkpoint_14_195000.pt
1000
source_contribution:  0.5851504151351087 0.06345593452984315
target_contribution:  0.41484959716832587 0.06345593577072768
checkpoint_1_500.pt
1000
source_contribution:  0.8282727120677967 0.0161510778985044
target_contribution:  0.17172730343884318 0.0161510780420978
checkpoint_13_186000.pt
1000
source_contribution:  0.5816353137732233 0.06482063254029793
target_contribution:  0.4183646982308893 0.06482063068657144
checkpoint_11_151000.pt
1000
source_contribution:  0.5542806541693346 0.06379095326134868
target_contribution:  0.44571935755354786 0.0637909530835518
checkpoint_2_22000.pt
1000
source_contribution:  0.2288379456355417 0.13833541992389795
target_contribution:  0.7711620656567335 0.13833542167164387
checkpoint_7_101000.pt
1000
source_contribution:  0.2064758388905086 0.15790386744640056
target_contribution:  0.7935241729484445 0.15790386692416244
checkpoint_2_20000.pt
1000
source_contribution:  0.2756583541145601 0.14017921428914776
target_contribution:  0.7243416572386745 0.140179213004512
checkpoint_7_98000.pt
1000
source_contribution:  0.21074079157357448 0.1504194558567485
target_contribution:  0.7892592201502638 0.15041945762124953
checkpoint_1_6000.pt
1000
source_contribution:  0.3268140257519397 0.07538579543209038
target_contribution:  0.6731859847468611 0.07538579485278718
checkpoint_6_87000.pt
1000
source_contribution:  0.20103006865592613 0.1357292435128234
target_contribution:  0.7989699417637239 0.13572924488517288
checkpoint_2_25000.pt
1000
source_contribution:  0.19256141215957995 0.08021094300502361
target_contribution:  0.8074385995512191 0.08021094373462974
checkpoint_2_17000.pt
1000
source_contribution:  0.2241279330374927 0.10575371960431657
target_contribution:  0.7758720799185472 0.10575371991397273
checkpoint_8_109000.pt
1000
source_contribution:  0.27843070126952135 0.17953818371044783
target_contribution:  0.721569312181849 0.17953818168305538
checkpoint_12_166000.pt
1000
source_contribution:  0.569104005401442 0.06445766806878483
target_contribution:  0.43089600597417055 0.06445766823808441
checkpoint_5_69000.pt
1000
source_contribution:  0.203742327269823 0.15061403409760177
target_contribution:  0.7962576873081606 0.1506140337518796
checkpoint_8_110000.pt
1000
source_contribution:  0.26509121666850144 0.15249528965758666
target_contribution:  0.7349087947887435 0.15249529025617753
checkpoint_1_6500.pt
1000
source_contribution:  0.325452416202055 0.07800114874143088
target_contribution:  0.674547594761975 0.07800115192767422
checkpoint_1_9000.pt
1000
source_contribution:  0.24441286290870984 0.07839264586509126
target_contribution:  0.7555871497376668 0.07839264679906707
checkpoint_6_85000.pt
1000
source_contribution:  0.20897745491923603 0.16303887458739322
target_contribution:  0.7910225554021922 0.16303887367044576
checkpoint_6_79000.pt
1000
source_contribution:  0.21427619336623685 0.15382693997939817
target_contribution:  0.7857238153284158 0.15382694146177425
checkpoint_11_150000.pt
1000
source_contribution:  0.560621855988418 0.06397612171896944
target_contribution:  0.4393781546361581 0.06397612083400651
checkpoint_8_105000.pt
1000
source_contribution:  0.22707867430996312 0.17670310576250922
target_contribution:  0.7729213373269126 0.17670310487658125
checkpoint_6_82000.pt
1000
source_contribution:  0.23050951286835475 0.17609524624187167
target_contribution:  0.7694904980534659 0.1760952462991648
checkpoint_2_21000.pt
1000
source_contribution:  0.247633137104087 0.13113127912918202
target_contribution:  0.7523668749599729 0.13113127964936805
checkpoint_13_182000.pt
1000
source_contribution:  0.5804158946065597 0.06491856225458871
target_contribution:  0.41958411817133073 0.06491856103528021
checkpoint_9_129000.pt
1000
source_contribution:  0.49225975092732605 0.06501862238343037
target_contribution:  0.5077402612378896 0.06501862033853348
checkpoint_7_91000.pt
1000
source_contribution:  0.24280216348940195 0.16941016103452247
target_contribution:  0.7571978453766592 0.16941016019260668
checkpoint_4_54000.pt
1000
source_contribution:  0.1969801948636956 0.1372167688845119
target_contribution:  0.8030198172189842 0.13721676790948828
checkpoint_5_60000.pt
1000
source_contribution:  0.21742244339245878 0.14967330282877092
target_contribution:  0.7825775708105422 0.14967330409284568
checkpoint_6_77000.pt
1000
source_contribution:  0.20226976681142153 0.15494476200816293
target_contribution:  0.7977302442083372 0.15494476277544217
checkpoint_6_83000.pt
1000
source_contribution:  0.2125688748646397 0.15989666124070057
target_contribution:  0.7874311372011213 0.15989665899178965
checkpoint_1_7000.pt
1000
source_contribution:  0.2904443628190923 0.07991433251826645
target_contribution:  0.7095556496652348 0.07991433263046932
checkpoint_14_194000.pt
1000
source_contribution:  0.5960094943487725 0.0639039498704093
target_contribution:  0.40399051771173233 0.06390395056834466
checkpoint_8_116000.pt
1000
source_contribution:  0.41328067492806725 0.07746939551859011
target_contribution:  0.5867193392170218 0.07746939588265808
checkpoint_3_30000.pt
1000
source_contribution:  0.19394804263795543 0.10191225504072271
target_contribution:  0.8060519662880518 0.10191225550017519
checkpoint_1_3000.pt
1000
source_contribution:  0.3972431077125988 0.07772886323654199
target_contribution:  0.6027569066047692 0.0777288612569188
checkpoint_6_75000.pt
1000
source_contribution:  0.18869372913570118 0.14414920376381973
target_contribution:  0.8113062833906212 0.14414920382775165
checkpoint_10_139000.pt
1000
source_contribution:  0.5394880604463899 0.06478931097746544
target_contribution:  0.4605119514039171 0.06478931338849747
checkpoint_6_86000.pt
1000
source_contribution:  0.2062021591772194 0.15809045828337898
target_contribution:  0.7937978514316464 0.15809045692622373
checkpoint_2_24000.pt
1000
source_contribution:  0.18844103004239257 0.09137479327961602
target_contribution:  0.8115589799729843 0.09137479115632177
checkpoint_7_97000.pt
1000
source_contribution:  0.2119344254598761 0.15607725907499376
target_contribution:  0.7880655865798246 0.15607725893214366
checkpoint_1_2000.pt
1000
source_contribution:  0.42761889520868507 0.04811553250725685
target_contribution:  0.5723811206632394 0.04811553248473126
checkpoint_11_155000.pt
1000
source_contribution:  0.564782379562863 0.06448120462956032
target_contribution:  0.4352176318665051 0.06448120514134456
checkpoint_3_31000.pt
1000
source_contribution:  0.21280722714579808 0.12537809359997534
target_contribution:  0.7871927851570346 0.12537809359061172
checkpoint_3_33000.pt
1000
source_contribution:  0.2458833868067307 0.1603086488275873
target_contribution:  0.7541166251572593 0.16030864816370963
checkpoint_14_200000.pt
1000
source_contribution:  0.5864788547988911 0.06554769190462226
target_contribution:  0.4135211577592752 0.06554769155807773
checkpoint_10_144000.pt
1000
source_contribution:  0.5527988517208468 0.06463114008449572
target_contribution:  0.4472011588154688 0.06463114183552804
checkpoint_7_100000.pt
1000
source_contribution:  0.23913606051204875 0.18091809204812104
target_contribution:  0.7608639506732413 0.18091809151723634
checkpoint_9_126000.pt
1000
source_contribution:  0.4826042849988666 0.06498950711976938
target_contribution:  0.5173957283102445 0.06498950527245945
checkpoint_11_159000.pt
1000
source_contribution:  0.5695091171291101 0.06407392123122026
target_contribution:  0.4304908948069301 0.06407392020359871
checkpoint_4_44000.pt
1000
source_contribution:  0.20562933112236823 0.13907997212777587
target_contribution:  0.794370680082662 0.13907997394479316
checkpoint_9_119000.pt
1000
source_contribution:  0.4690960302604988 0.07489490652703318
target_contribution:  0.5309039811320845 0.07489490647667947
checkpoint_1_3500.pt
1000
source_contribution:  0.3595118614140614 0.05609633091770991
target_contribution:  0.6404881493325482 0.056096330267149934
checkpoint_8_111000.pt
1000
source_contribution:  0.31600305013122887 0.16779788579565874
target_contribution:  0.6839969608902702 0.16779788413576235
checkpoint_8_115000.pt
1000
source_contribution:  0.4249534899033843 0.10705384608331545
target_contribution:  0.575046521714645 0.10705384693532953
checkpoint_1_300.pt
1000
source_contribution:  0.8890292626752222 0.0025077712199240002
target_contribution:  0.11097075189335358 0.0025077713928287654
checkpoint_14_196000.pt
1000
source_contribution:  0.5919779027106322 0.06396079637429111
target_contribution:  0.40802210865188043 0.06396079716644591
checkpoint_10_132000.pt
1000
source_contribution:  0.5268929815074259 0.06526534887684601
target_contribution:  0.4731070301032492 0.06526534965191023
checkpoint_3_37000.pt
1000
source_contribution:  0.1808697355160561 0.10546097759744856
target_contribution:  0.8191302764458465 0.10546097829583971
checkpoint_13_183000.pt
1000
source_contribution:  0.5835759390868548 0.06499652226092845
target_contribution:  0.4164240735116062 0.06499652236754813
checkpoint_5_62000.pt
1000
source_contribution:  0.20288318966578708 0.14989617371535122
target_contribution:  0.7971168226848019 0.14989617173288383
checkpoint_1_400.pt
1000
source_contribution:  0.8531381500558991 0.009921790386237465
target_contribution:  0.14686186650310895 0.00992179284106999
checkpoint_4_49000.pt
1000
source_contribution:  0.17512688040382762 0.10031447779981155
target_contribution:  0.824873128436627 0.10031447768723997
checkpoint_13_178000.pt
1000
source_contribution:  0.5711970242206257 0.06584627347650754
target_contribution:  0.4288029889960518 0.06584627207177009
checkpoint_5_67000.pt
1000
source_contribution:  0.20242081153732394 0.1457883432877507
target_contribution:  0.7975792009744919 0.145788342367886
checkpoint_9_121000.pt
1000
source_contribution:  0.4807551819926439 0.07408595792847854
target_contribution:  0.5192448291004252 0.07408595785835764
checkpoint_11_160000.pt
1000
source_contribution:  0.5705322159052125 0.06502175325792446
target_contribution:  0.42946779582998534 0.06502175151543778
checkpoint_9_131000.pt
1000
source_contribution:  0.5080833092372048 0.06665309380480262
target_contribution:  0.49191670267452536 0.06665309235482392
checkpoint_6_74000.pt
1000
source_contribution:  0.1823377594760488 0.13338264170883254
target_contribution:  0.817662249200547 0.13338264233326763
checkpoint_2_19000.pt
1000
source_contribution:  0.22177164511226555 0.1124069313883632
target_contribution:  0.7782283659476403 0.11240693057297178
checkpoint_12_163000.pt
1000
source_contribution:  0.5651503537849997 0.06451602270976488
target_contribution:  0.43484965809149767 0.06451602378130954
checkpoint_10_142000.pt
1000
source_contribution:  0.547579545340874 0.06417261978097975
target_contribution:  0.4524204647839072 0.06417261986534888
checkpoint_12_161000.pt
1000
source_contribution:  0.5697395415827151 0.06553391257368368
target_contribution:  0.4302604712760923 0.06553391316019741
checkpoint_3_32000.pt
1000
source_contribution:  0.24378872075514119 0.15206808872213035
target_contribution:  0.756211289108791 0.152068086339467
checkpoint_5_71000.pt
1000
source_contribution:  0.17988723586135602 0.12319091507283432
target_contribution:  0.8201127757307209 0.1231909156080129
checkpoint_1_10000.pt
1000
source_contribution:  0.2777481750586686 0.11951884477562158
target_contribution:  0.7222518379926157 0.11951884508195672
checkpoint_8_107000.pt
1000
source_contribution:  0.24917810576590324 0.17315393762047762
target_contribution:  0.7508219049328391 0.17315393779989602
checkpoint_9_130000.pt
1000
source_contribution:  0.498092711002863 0.06485364327917342
target_contribution:  0.501907302184083 0.0648536429214525
checkpoint_11_157000.pt
1000
source_contribution:  0.5593547917406261 0.06478490276082735
target_contribution:  0.4406452214667892 0.06478490082195316
checkpoint_4_46000.pt
1000
source_contribution:  0.18083695117238022 0.10825427271613311
target_contribution:  0.8191630565942091 0.10825427367825759
checkpoint_13_190000.pt
1000
source_contribution:  0.5810139141517502 0.0641604296415198
target_contribution:  0.4189860956662825 0.06416042921946831
checkpoint_1_5000.pt
1000
source_contribution:  0.3959421049449975 0.08835864297432258
target_contribution:  0.6040579089470656 0.08835864207083104
checkpoint_7_88000.pt
1000
source_contribution:  0.2377858601539735 0.17926562562823553
target_contribution:  0.7622141507978122 0.17926562508586702
checkpoint_5_68000.pt
1000
source_contribution:  0.20157658612269164 0.15760512282306935
target_contribution:  0.7984234251551893 0.15760512150884
checkpoint_10_133000.pt
1000
source_contribution:  0.5198996451116544 0.06581285767528396
target_contribution:  0.4801003691826756 0.06581285755949681
checkpoint_1_2500.pt
1000
source_contribution:  0.4071693725725022 0.048034726900806006
target_contribution:  0.5928306416167266 0.04803472900549582
checkpoint_2_23000.pt
1000
source_contribution:  0.21634370633622388 0.11741411649618679
target_contribution:  0.7836563055924233 0.11741411526771219
checkpoint_7_102000.pt
1000
source_contribution:  0.20528673222268753 0.15313046916542458
target_contribution:  0.7947132794795182 0.15313046952941542
checkpoint_2_29000.pt
1000
source_contribution:  0.2111194957415487 0.1168885392041013
target_contribution:  0.7888805154253694 0.11688853868116784
checkpoint_11_153000.pt
1000
source_contribution:  0.5602761770750176 0.06449018006655272
target_contribution:  0.43972383613339083 0.0644901792397799
checkpoint_7_92000.pt
1000
source_contribution:  0.22505121613058757 0.15538783229712055
target_contribution:  0.7749487949813003 0.15538783366271045
checkpoint_8_117000.pt
1000
source_contribution:  0.45960923226679384 0.1149017072639625
target_contribution:  0.5403907811606016 0.11490170675287727
checkpoint_12_162000.pt
1000
source_contribution:  0.5614245290092019 0.06597384205259321
target_contribution:  0.4385754827441696 0.06597384310713147
checkpoint_9_118000.pt
1000
source_contribution:  0.46372698741638013 0.07391835343314337
target_contribution:  0.5362730252601228 0.0739183491396339
checkpoint_2_27000.pt
1000
source_contribution:  0.20551748786398413 0.10430772651951432
target_contribution:  0.7944825257348188 0.10430772654494132
checkpoint_7_89000.pt
1000
source_contribution:  0.2347257585588498 0.1815439605986631
target_contribution:  0.7652742518762764 0.18154395869779624
checkpoint_14_199000.pt
1000
source_contribution:  0.5842033764966437 0.06422502135730344
target_contribution:  0.4157966343396654 0.06422502191373484
checkpoint_1_600.pt
1000
source_contribution:  0.7727873165819307 0.016061562878121407
target_contribution:  0.22721269977976222 0.016061565303748415
checkpoint_8_113000.pt
1000
source_contribution:  0.37729128747735335 0.1354184682209717
target_contribution:  0.6227087233911288 0.13541846859897894
checkpoint_1_1500.pt
1000
source_contribution:  0.4511463375873047 0.060543045562499134
target_contribution:  0.5488536751867745 0.06054304557695159
checkpoint_10_140000.pt
1000
source_contribution:  0.537026316047299 0.06394766109845644
target_contribution:  0.4629736962293827 0.0639476581461583
checkpoint_7_95000.pt
1000
source_contribution:  0.2264078484256641 0.16774251327180137
target_contribution:  0.7735921628661988 0.16774251304108273
checkpoint_14_193000.pt
1000
source_contribution:  0.585611394026098 0.06376399433544361
target_contribution:  0.4143886194684824 0.06376399507468171
checkpoint_9_124000.pt
1000
source_contribution:  0.4863252478685852 0.064886199652818
target_contribution:  0.5136747637476338 0.064886199281979
checkpoint_12_167000.pt
1000
source_contribution:  0.5689857680246654 0.0652097833216245
target_contribution:  0.43101424272073846 0.06520978415610591
checkpoint_12_175000.pt
1000
source_contribution:  0.5788697027640153 0.06507065628152983
target_contribution:  0.421130309800358 0.06507065540713074
checkpoint_1_12000.pt
1000
source_contribution:  0.2368228328558353 0.1001857047277922
target_contribution:  0.7631771768459464 0.10018570484711006
checkpoint_12_172000.pt
1000
source_contribution:  0.5733028138747067 0.06418395034725106
target_contribution:  0.42669719980483456 0.06418394987774032
checkpoint_10_145000.pt
1000
source_contribution:  0.5494245304620268 0.06379591584409537
target_contribution:  0.4505754785958706 0.06379591493861082
checkpoint_13_189000.pt
1000
source_contribution:  0.5775039661019845 0.06500450301128784
target_contribution:  0.4224960452907036 0.06500450311172985
checkpoint_14_191000.pt
1000
source_contribution:  0.5890214872935048 0.063907814339027
target_contribution:  0.41097852715701966 0.06390781482581813
checkpoint_10_134000.pt
1000
source_contribution:  0.5363546059463318 0.06585617433695444
target_contribution:  0.46364540689407296 0.06585617422657492
checkpoint_13_188000.pt
1000
source_contribution:  0.5814401176046441 0.06415976950956086
target_contribution:  0.4185598934550081 0.06415976974391834
checkpoint_14_198000.pt
1000
source_contribution:  0.5872141187578904 0.06496756325181803
target_contribution:  0.41278589303884133 0.06496756397655906
checkpoint_13_181000.pt
1000
source_contribution:  0.5876456028491517 0.06520935576200892
target_contribution:  0.41235440873448354 0.0652093566691383
checkpoint_11_158000.pt
1000
source_contribution:  0.5641289749728271 0.06602426417653842
target_contribution:  0.43587103878525313 0.06602426274600695
checkpoint_14_197000.pt
1000
source_contribution:  0.5836008287665828 0.06433670006609775
target_contribution:  0.4163991831186734 0.064336701379927
checkpoint_10_138000.pt
1000
source_contribution:  0.5374226927066065 0.0653775660523901
target_contribution:  0.4625773207905769 0.06537756512176907
checkpoint_1_7500.pt
1000
source_contribution:  0.3563940249071004 0.1295350053288333
target_contribution:  0.6436059893231129 0.12953500587884953
checkpoint_7_96000.pt
1000
source_contribution:  0.21663167173105546 0.16650737661667409
target_contribution:  0.7833683398180721 0.16650737682896652
checkpoint_7_93000.pt
1000
source_contribution:  0.22982980331250366 0.16846074792898982
target_contribution:  0.7701702080637477 0.16846074917924359
checkpoint_5_70000.pt
1000
source_contribution:  0.20834937634566153 0.15369890242439826
target_contribution:  0.791650636026622 0.15369889933677147
checkpoint_9_123000.pt
1000
source_contribution:  0.48447499070478656 0.06887964809286673
target_contribution:  0.5155250195172176 0.06887964798582782
checkpoint_8_106000.pt
1000
source_contribution:  0.22303906357497688 0.17474731128596238
target_contribution:  0.7769609461281034 0.17474731217512263
checkpoint_8_103000.pt
1000
source_contribution:  0.24204107043242162 0.1914516205806543
target_contribution:  0.7579589409908366 0.19145162155925546
checkpoint_3_38000.pt
1000
source_contribution:  0.19754862080553812 0.1060620861598323
target_contribution:  0.8024513885662686 0.10606208606524889
checkpoint_4_48000.pt
1000
source_contribution:  0.19226947028455163 0.11758390462563785
target_contribution:  0.8077305399810086 0.11758390131076145
checkpoint_3_35000.pt
1000
source_contribution:  0.2035849639155611 0.12485396713857724
target_contribution:  0.7964150503040316 0.1248539665881483
checkpoint_2_18000.pt
1000
source_contribution:  0.2120764391049624 0.08609682795223475
target_contribution:  0.7879235691177342 0.08609682635044748
checkpoint_11_149000.pt
1000
source_contribution:  0.5540797353966741 0.06319378701644326
target_contribution:  0.4459202780901935 0.06319378810118084
checkpoint_5_73000.pt
1000
source_contribution:  0.2051153965499254 0.15945726158941262
target_contribution:  0.7948846133754599 0.15945726197811863
checkpoint_12_165000.pt
1000
source_contribution:  0.5704461530780934 0.06526650070267645
target_contribution:  0.42955385795196044 0.06526650157495396
checkpoint_2_26000.pt
1000
source_contribution:  0.20303846986360607 0.12722556123734807
target_contribution:  0.7969615413079928 0.1272255615093856
checkpoint_3_43000.pt
1000
source_contribution:  0.2117931165792692 0.14168298692266157
target_contribution:  0.7882068951794662 0.14168298662482703
checkpoint_5_63000.pt
1000
source_contribution:  0.20953637519468993 0.14673826044702273
target_contribution:  0.7904636378006107 0.14673826022969658
checkpoint_12_168000.pt
1000
source_contribution:  0.5746034219596801 0.06430566092061603
target_contribution:  0.42539658997500673 0.0643056605923817
checkpoint_13_184000.pt
1000
source_contribution:  0.5777315866017295 0.06573841990633682
target_contribution:  0.42226842622672545 0.06573841887742718
checkpoint_12_171000.pt
1000
source_contribution:  0.5671420817268396 0.06616438699750954
target_contribution:  0.43285793131633193 0.06616438750109974
checkpoint_7_94000.pt
1000
source_contribution:  0.21014782112026434 0.15349140388537064
target_contribution:  0.7898521895233825 0.15349140263910271
checkpoint_7_90000.pt
1000
source_contribution:  0.2125722770931927 0.15375242270199901
target_contribution:  0.7874277333534927 0.15375242407124773
checkpoint_2_15000.pt
1000
source_contribution:  0.19333605798472642 0.07808455734312218
target_contribution:  0.8066639524374591 0.07808455808297744
checkpoint_13_185000.pt
1000
source_contribution:  0.5847199148759378 0.06505392187210422
target_contribution:  0.4152800966957079 0.06505392282468558
checkpoint_10_143000.pt
1000
source_contribution:  0.5471314966361518 0.06430511551621423
target_contribution:  0.4528685152176086 0.06430511297534475
checkpoint_12_169000.pt
1000
source_contribution:  0.5735514581097729 0.06462568222015844
target_contribution:  0.4264485555512688 0.06462568287725648
checkpoint_11_156000.pt
1000
source_contribution:  0.570273867993655 0.063580567259869
target_contribution:  0.42972614221858235 0.06358056762744198
checkpoint_1_100.pt
1000
source_contribution:  0.9595509600579607 0.0014021473243013478
target_contribution:  0.04044905577461161 0.001402146017809728
checkpoint_1_800.pt
1000
source_contribution:  0.6787724284411015 0.03392278241924165
target_contribution:  0.3212275888506733 0.03392278294759901
checkpoint_9_120000.pt
1000
source_contribution:  0.4620482345010203 0.06764269540068486
target_contribution:  0.5379517762489368 0.0676426962511411
checkpoint_10_135000.pt
1000
source_contribution:  0.5318512859179405 0.06425614836961227
target_contribution:  0.4681487254550684 0.06425614739947276
checkpoint_10_137000.pt
1000
source_contribution:  0.5321319289304381 0.06328882020616226
target_contribution:  0.46786808344957953 0.0632888183964995
checkpoint_4_50000.pt
1000
source_contribution:  0.2090974021886264 0.15015355938340721
target_contribution:  0.7909026076946255 0.15015356277906222
checkpoint_1_11000.pt
1000
source_contribution:  0.26374815222968706 0.11424543584182674
target_contribution:  0.736251858622214 0.11424543687810573
checkpoint_5_61000.pt
1000
source_contribution:  0.19856554680053407 0.13561793177800022
target_contribution:  0.8014344668213864 0.13561793258764374
checkpoint_13_187000.pt
1000
source_contribution:  0.5789773304992156 0.06546710796741731
target_contribution:  0.4210226821772104 0.06546710569574882
checkpoint_1_8000.pt
1000
source_contribution:  0.31282379980083364 0.093792740923435
target_contribution:  0.6871762127490346 0.09379274013626034
checkpoint_1_8500.pt
1000
source_contribution:  0.2964115257939534 0.13238057125561475
target_contribution:  0.7035884858983668 0.13238057154112104
checkpoint_9_122000.pt
1000
source_contribution:  0.48479979443928145 0.07078961317824481
target_contribution:  0.5152002175522471 0.07078961511069375
checkpoint_7_99000.pt
1000
source_contribution:  0.21557966487674435 0.16442506886864766
target_contribution:  0.7844203458200281 0.16442506845409552
checkpoint_2_16000.pt
1000
source_contribution:  0.26508000152756983 0.12098815100700405
target_contribution:  0.734920009400347 0.12098815005980762
checkpoint_4_52000.pt
1000
source_contribution:  0.20492161392080233 0.13922594762536622
target_contribution:  0.7950783977416129 0.1392259474194286
checkpoint_9_127000.pt
1000
source_contribution:  0.5027505550798533 0.06531913813615517
target_contribution:  0.49724945662219133 0.06531913861581562
checkpoint_6_76000.pt
1000
source_contribution:  0.16696785808046274 0.10808370413639799
target_contribution:  0.8330321489127136 0.10808370270782383
checkpoint_6_81000.pt
1000
source_contribution:  0.20693166736664395 0.15838013879493107
target_contribution:  0.7930683455863871 0.15838014084976307
checkpoint_1_200.pt
1000
source_contribution:  0.9461380855482172 0.0013217024385814209
target_contribution:  0.053861927508967226 0.0013217024047290622
checkpoint_1_5500.pt
1000
source_contribution:  0.3207916029110155 0.07982763971608746
target_contribution:  0.6792084090210943 0.0798276392438893
checkpoint_8_108000.pt
1000
source_contribution:  0.24680962132706 0.16721209475164092
target_contribution:  0.7531903891235304 0.16721209579622576
checkpoint_9_128000.pt
1000
source_contribution:  0.48143891651032233 0.06476575366924536
target_contribution:  0.518561095740784 0.06476575578047662
checkpoint_6_78000.pt
1000
source_contribution:  0.19972441694434218 0.14462604627249345
target_contribution:  0.8002755937142292 0.14462604767247955
checkpoint_4_57000.pt
1000
source_contribution:  0.2075279332955345 0.14646012032127342
target_contribution:  0.7924720768433428 0.14646011956056548
checkpoint_12_164000.pt
1000
source_contribution:  0.5622553142604209 0.0660385253733447
target_contribution:  0.4377446972433097 0.06603852318207032
checkpoint_5_64000.pt
1000
source_contribution:  0.1766720379431768 0.12772089643603396
target_contribution:  0.8233279740929957 0.12772089649153143
checkpoint_4_55000.pt
1000
source_contribution:  0.19425170256772759 0.12504568540173475
target_contribution:  0.8057483068141288 0.12504568286348333
checkpoint_1_1000.pt
1000
source_contribution:  0.5753546729404436 0.05361658941667763
target_contribution:  0.42464534238079715 0.05361658986365529
checkpoint_4_47000.pt
1000
source_contribution:  0.2245041250177441 0.14582931178807385
target_contribution:  0.7754958868574958 0.1458293115329937
checkpoint_2_28000.pt
1000
source_contribution:  0.1952161745362539 0.09841323930000337
target_contribution:  0.804783835744991 0.09841323880646477
checkpoint_3_40000.pt
1000
source_contribution:  0.21735403409484721 0.15871087456185315
target_contribution:  0.7826459771779423 0.15871087520685986
checkpoint_8_104000.pt
1000
source_contribution:  0.22048802176195567 0.16356413724827307
target_contribution:  0.7795119912686187 0.16356413750395363
checkpoint_10_136000.pt
1000
source_contribution:  0.544512666625597 0.06364766503237498
target_contribution:  0.4554873452401593 0.06364766289862155
