checkpoint1
checkpoint10
checkpoint_10_18000
checkpoint_10_19000
checkpoint11
checkpoint_1_100
checkpoint_1_1000
checkpoint_11_20000
checkpoint_11_21000
checkpoint_1_1500
checkpoint12
checkpoint_1_200
checkpoint_12_22000
checkpoint_12_23000
checkpoint13
checkpoint_1_300
checkpoint_13_24000
checkpoint14
checkpoint_1_400
checkpoint_14_25000
checkpoint_14_26000
checkpoint15
checkpoint_1_500
checkpoint_15_27000
checkpoint_15_28000
checkpoint16
checkpoint_1_600
checkpoint_16_29000
checkpoint_16_30000
checkpoint17
checkpoint_1_700
checkpoint_17_31000
checkpoint_17_32000
checkpoint18
checkpoint_1_800
checkpoint_18_33000
checkpoint_18_34000
checkpoint19
checkpoint_1_900
checkpoint_19_35000
checkpoint_19_36000
checkpoint2
checkpoint20
checkpoint_20_37000
checkpoint_20_38000
checkpoint21
checkpoint_21_39000
checkpoint_21_40000
checkpoint22
checkpoint_2_2000
checkpoint_22_41000
checkpoint_22_42000
checkpoint_2_2500
checkpoint23
checkpoint_2_3000
checkpoint_23_43000
checkpoint_23_44000
checkpoint_2_3500
checkpoint24
checkpoint_24_45000
checkpoint_24_46000
checkpoint25
checkpoint_25_47000
checkpoint_25_48000
checkpoint26
checkpoint_26_49000
checkpoint27
checkpoint_27_50000
checkpoint_27_51000
checkpoint28
checkpoint_28_52000
checkpoint_28_53000
checkpoint29
checkpoint_29_54000
checkpoint_29_55000
checkpoint3
checkpoint30
checkpoint_30_56000
checkpoint_30_57000
checkpoint31
checkpoint_31_58000
checkpoint_31_59000
checkpoint32
checkpoint_32_60000
checkpoint_32_61000
checkpoint33
checkpoint_33_62000
checkpoint_33_63000
checkpoint34
checkpoint_3_4000
checkpoint_3_4500
checkpoint_34_64000
checkpoint_34_65000
checkpoint35
checkpoint_3_5000
checkpoint_3_5500
checkpoint_35_66000
checkpoint_35_67000
checkpoint36
checkpoint_36_68000
checkpoint_36_69000
checkpoint37
checkpoint_37_70000
checkpoint_37_71000
checkpoint38
checkpoint_38_72000
checkpoint_38_73000
checkpoint39
checkpoint_39_74000
checkpoint4
checkpoint40
checkpoint_40_75000
checkpoint_40_76000
checkpoint41
checkpoint_41_77000
checkpoint_41_78000
checkpoint42
checkpoint_42_79000
checkpoint_42_80000
checkpoint43
checkpoint_43_81000
checkpoint_43_82000
checkpoint44
checkpoint_44_83000
checkpoint_44_84000
checkpoint45
checkpoint_45_85000
checkpoint_45_86000
checkpoint46
checkpoint_4_6000
checkpoint_4_6500
checkpoint_46_87000
checkpoint_46_88000
checkpoint47
checkpoint_4_7000
checkpoint_4_7500
checkpoint_47_89000
checkpoint_47_90000
checkpoint48
checkpoint_48_91000
checkpoint_48_92000
checkpoint49
checkpoint_49_93000
checkpoint_49_94000
checkpoint5
checkpoint50
checkpoint_50_95000
checkpoint_50_96000
checkpoint51
checkpoint_51_97000
checkpoint_51_98000
checkpoint52
checkpoint_52_99000
checkpoint_53_100000
checkpoint_5_8000
checkpoint_5_8500
checkpoint_5_9000
checkpoint_5_9500
checkpoint6
checkpoint_6_10000
checkpoint_6_11000
checkpoint7
checkpoint_7_12000
checkpoint_7_13000
checkpoint8
checkpoint_8_14000
checkpoint_8_15000
checkpoint9
checkpoint_9_16000
checkpoint_9_17000
checkpoint_best
checkpoint_last
checkpoint1
checkpoint10
checkpoint100
checkpoint_100_94000
checkpoint101
checkpoint_101_95000
checkpoint102
checkpoint_102_96000
checkpoint103
checkpoint_103_97000
checkpoint104
checkpoint_104_98000
checkpoint105
checkpoint_105_99000
checkpoint106
checkpoint_107_100000
checkpoint_10_8500
checkpoint_10_9000
checkpoint11
checkpoint_1_100
checkpoint_11_10000
checkpoint_11_9500
checkpoint12
checkpoint_1_200
checkpoint_12_11000
checkpoint13
checkpoint_1_300
checkpoint_13_12000
checkpoint14
checkpoint_1_400
checkpoint_14_13000
checkpoint15
checkpoint_1_500
checkpoint_15_14000
checkpoint16
checkpoint_1_600
checkpoint_16_15000
checkpoint17
checkpoint_1_700
checkpoint_17_16000
checkpoint18
checkpoint_1_800
checkpoint19
checkpoint_1_900
checkpoint_19_17000
checkpoint2
checkpoint20
checkpoint_20_18000
checkpoint21
checkpoint_2_1000
checkpoint_21_19000
checkpoint_2_1500
checkpoint22
checkpoint_22_20000
checkpoint23
checkpoint_23_21000
checkpoint24
checkpoint_24_22000
checkpoint25
checkpoint_25_23000
checkpoint26
checkpoint_26_24000
checkpoint27
checkpoint_27_25000
checkpoint28
checkpoint_28_26000
checkpoint29
checkpoint_29_27000
checkpoint3
checkpoint30
checkpoint_30_28000
checkpoint31
checkpoint_31_29000
checkpoint32
checkpoint_3_2000
checkpoint_32_30000
checkpoint_3_2500
checkpoint33
checkpoint_33_31000
checkpoint34
checkpoint_34_32000
checkpoint35
checkpoint_35_33000
checkpoint36
checkpoint37
checkpoint_37_34000
checkpoint38
checkpoint_38_35000
checkpoint39
checkpoint_39_36000
checkpoint4
checkpoint40
checkpoint_40_37000
checkpoint41
checkpoint_41_38000
checkpoint42
checkpoint_42_39000
checkpoint43
checkpoint_4_3000
checkpoint_43_40000
checkpoint_4_3500
checkpoint44
checkpoint_44_41000
checkpoint45
checkpoint_45_42000
checkpoint46
checkpoint_46_43000
checkpoint47
checkpoint_47_44000
checkpoint48
checkpoint_48_45000
checkpoint49
checkpoint_49_46000
checkpoint5
checkpoint50
checkpoint_50_47000
checkpoint51
checkpoint_51_48000
checkpoint52
checkpoint_52_49000
checkpoint53
checkpoint54
checkpoint_5_4000
checkpoint_5_4500
checkpoint_54_50000
checkpoint55
checkpoint_55_51000
checkpoint56
checkpoint_56_52000
checkpoint57
checkpoint_57_53000
checkpoint58
checkpoint_58_54000
checkpoint59
checkpoint_59_55000
checkpoint6
checkpoint60
checkpoint_60_56000
checkpoint61
checkpoint_61_57000
checkpoint62
checkpoint_62_58000
checkpoint63
checkpoint_63_59000
checkpoint64
checkpoint_64_60000
checkpoint65
checkpoint_6_5000
checkpoint_6_5500
checkpoint_65_61000
checkpoint66
checkpoint_66_62000
checkpoint67
checkpoint_67_63000
checkpoint68
checkpoint_68_64000
checkpoint69
checkpoint_69_65000
checkpoint7
checkpoint70
checkpoint_70_66000
checkpoint71
checkpoint72
checkpoint_72_67000
checkpoint73
checkpoint_73_68000
checkpoint74
checkpoint_74_69000
checkpoint75
checkpoint_75_70000
checkpoint76
checkpoint_7_6000
checkpoint_7_6500
checkpoint_76_71000
checkpoint77
checkpoint_77_72000
checkpoint78
checkpoint_78_73000
checkpoint79
checkpoint_79_74000
checkpoint8
checkpoint80
checkpoint_80_75000
checkpoint81
checkpoint_81_76000
checkpoint82
checkpoint_82_77000
checkpoint83
checkpoint_83_78000
checkpoint84
checkpoint_84_79000
checkpoint85
checkpoint_85_80000
checkpoint86
checkpoint_86_81000
checkpoint87
checkpoint_8_7000
checkpoint_8_7500
checkpoint_87_82000
checkpoint88
checkpoint89
checkpoint_89_83000
checkpoint9
checkpoint90
checkpoint_90_84000
checkpoint91
checkpoint_91_85000
checkpoint92
checkpoint_92_86000
checkpoint93
checkpoint_93_87000
checkpoint94
checkpoint_94_88000
checkpoint95
checkpoint_95_89000
checkpoint96
checkpoint_96_90000
checkpoint97
checkpoint_97_91000
checkpoint98
checkpoint_9_8000
checkpoint_98_92000
checkpoint99
checkpoint_99_93000
checkpoint_best
checkpoint_last
dict_keys(['18000', '19000', '100', '1000', '20000', '21000', '1500', '200', '22000', '23000', '300', '24000', '400', '25000', '26000', '500', '27000', '28000', '600', '29000', '30000', '700', '31000', '32000', '800', '33000', '34000', '900', '35000', '36000', '37000', '38000', '39000', '40000', '2000', '41000', '42000', '2500', '3000', '43000', '44000', '3500', '45000', '46000', '47000', '48000', '49000', '50000', '51000', '52000', '53000', '54000', '55000', '56000', '57000', '58000', '59000', '60000', '61000', '62000', '63000', '4000', '4500', '64000', '65000', '5000', '5500', '66000', '67000', '68000', '69000', '70000', '71000', '72000', '73000', '74000', '75000', '76000', '77000', '78000', '79000', '80000', '81000', '82000', '83000', '84000', '85000', '86000', '6000', '6500', '87000', '88000', '7000', '7500', '89000', '90000', '91000', '92000', '93000', '94000', '95000', '96000', '97000', '98000', '99000', '100000', '8000', '8500', '9000', '9500', '10000', '11000', '12000', '13000', '14000', '15000', '16000', '17000'])
18000 kl-divergence: 2.3236446970016043
19000 kl-divergence: 2.4485916397322542
100 kl-divergence: 0.681676423142435
1000 kl-divergence: 0.5584913141699087
20000 kl-divergence: 2.360584497045389
21000 kl-divergence: 2.4331445462225525
1500 kl-divergence: 0.6357531382051745
200 kl-divergence: 0.3787837132967294
22000 kl-divergence: 2.5103978461603416
23000 kl-divergence: 2.377442859792938
300 kl-divergence: 0.35802196510333295
24000 kl-divergence: 2.4255905385859755
400 kl-divergence: 0.2894644226038258
25000 kl-divergence: 2.4808029818032593
26000 kl-divergence: 2.389000624659658
500 kl-divergence: 0.26925947184776244
27000 kl-divergence: 2.5088352364370263
28000 kl-divergence: 2.405497139160044
600 kl-divergence: 0.47176942653493037
29000 kl-divergence: 2.575902856499787
30000 kl-divergence: 2.5371054349791353
700 kl-divergence: 0.41674144538197205
31000 kl-divergence: 2.537389012271339
32000 kl-divergence: 2.5472532461728243
800 kl-divergence: 0.48668503936790436
33000 kl-divergence: 2.6577882299409508
34000 kl-divergence: 2.559018522005831
900 kl-divergence: 0.5592203757875163
35000 kl-divergence: 2.5956437361981775
36000 kl-divergence: 2.6024800400540538
37000 kl-divergence: 2.586758410528623
38000 kl-divergence: 2.559619534680676
39000 kl-divergence: 2.599232967409969
40000 kl-divergence: 2.6383214346766435
2000 kl-divergence: 0.8078119722998071
41000 kl-divergence: 2.6172777305292776
42000 kl-divergence: 2.660662351305932
2500 kl-divergence: 0.9368730898532243
3000 kl-divergence: 1.0211906927575536
43000 kl-divergence: 2.6555361550495777
44000 kl-divergence: 2.621559980000907
3500 kl-divergence: 1.1488305288791705
45000 kl-divergence: 2.7672337154869444
46000 kl-divergence: 2.695737879594981
47000 kl-divergence: 2.7087966220487694
48000 kl-divergence: 2.7562102279286615
49000 kl-divergence: 2.747503144759495
50000 kl-divergence: 2.734713848433379
51000 kl-divergence: 2.7369265679265102
52000 kl-divergence: 2.7774060977906903
53000 kl-divergence: 2.8080487745500076
54000 kl-divergence: 2.7521268874068547
55000 kl-divergence: 2.775474142597361
56000 kl-divergence: 2.7193931979773254
57000 kl-divergence: 2.7466483708053526
58000 kl-divergence: 2.801091740532437
59000 kl-divergence: 2.8625950841732717
60000 kl-divergence: 2.8466069744743474
61000 kl-divergence: 2.8227009900880957
62000 kl-divergence: 2.83515242250545
63000 kl-divergence: 2.837352336019652
4000 kl-divergence: 1.3530629112825538
4500 kl-divergence: 1.5149663571554859
64000 kl-divergence: 2.8448530919897688
65000 kl-divergence: 2.8116278243733914
5000 kl-divergence: 1.7630956354769811
5500 kl-divergence: 1.6804925513024445
66000 kl-divergence: 2.7854634807600913
67000 kl-divergence: 2.8058051499312184
68000 kl-divergence: 2.8953929228240205
69000 kl-divergence: 2.8745817882790017
70000 kl-divergence: 2.836163761755141
71000 kl-divergence: 2.8803155919910988
72000 kl-divergence: 2.9034267697900575
73000 kl-divergence: 2.896048774327693
74000 kl-divergence: 2.9013589607631807
75000 kl-divergence: 2.9197276623931145
76000 kl-divergence: 2.9403441166072173
77000 kl-divergence: 2.9403378625137844
78000 kl-divergence: 2.9219150792687847
79000 kl-divergence: 2.9440049094547973
80000 kl-divergence: 2.9246564407001863
81000 kl-divergence: 2.9254762098609888
82000 kl-divergence: 2.930734784928957
83000 kl-divergence: 3.0430904615034087
84000 kl-divergence: 2.9566257939142453
85000 kl-divergence: 2.965511561089517
86000 kl-divergence: 2.9968686068184627
6000 kl-divergence: 1.939290648091624
6500 kl-divergence: 2.0629729879276333
87000 kl-divergence: 3.0025486643931196
88000 kl-divergence: 3.0004530444585553
7000 kl-divergence: 2.031877133718191
7500 kl-divergence: 2.0846944814022277
89000 kl-divergence: 3.0999032740209618
90000 kl-divergence: 2.9598088772860485
91000 kl-divergence: 2.933779412506003
92000 kl-divergence: 2.9953962789524886
93000 kl-divergence: 3.081162986325488
94000 kl-divergence: 3.0045465075058586
95000 kl-divergence: 3.005128916530224
96000 kl-divergence: 3.0452434760068168
97000 kl-divergence: 3.0319249487057296
98000 kl-divergence: 3.0440937021793357
99000 kl-divergence: 3.037428864177151
100000 kl-divergence: 3.0371585356478255
8000 kl-divergence: 2.315561554180305
8500 kl-divergence: 2.0551051202651127
9000 kl-divergence: 2.0756111564471276
9500 kl-divergence: 2.2095820726791966
10000 kl-divergence: 2.110702734022213
11000 kl-divergence: 2.174997906002672
12000 kl-divergence: 2.266126185413986
13000 kl-divergence: 2.1984398999219006
14000 kl-divergence: 2.2851897853899676
15000 kl-divergence: 2.205106675854113
16000 kl-divergence: 2.349655785905517
17000 kl-divergence: 2.3616600803949144
[(100, 0.681676423142435), (200, 0.3787837132967294), (300, 0.35802196510333295), (400, 0.2894644226038258), (500, 0.26925947184776244), (600, 0.47176942653493037), (700, 0.41674144538197205), (800, 0.48668503936790436), (900, 0.5592203757875163), (1000, 0.5584913141699087), (1500, 0.6357531382051745), (2000, 0.8078119722998071), (2500, 0.9368730898532243), (3000, 1.0211906927575536), (3500, 1.1488305288791705), (4000, 1.3530629112825538), (4500, 1.5149663571554859), (5000, 1.7630956354769811), (5500, 1.6804925513024445), (6000, 1.939290648091624), (6500, 2.0629729879276333), (7000, 2.031877133718191), (7500, 2.0846944814022277), (8000, 2.315561554180305), (8500, 2.0551051202651127), (9000, 2.0756111564471276), (9500, 2.2095820726791966), (10000, 2.110702734022213), (11000, 2.174997906002672), (12000, 2.266126185413986), (13000, 2.1984398999219006), (14000, 2.2851897853899676), (15000, 2.205106675854113), (16000, 2.349655785905517), (17000, 2.3616600803949144), (18000, 2.3236446970016043), (19000, 2.4485916397322542), (20000, 2.360584497045389), (21000, 2.4331445462225525), (22000, 2.5103978461603416), (23000, 2.377442859792938), (24000, 2.4255905385859755), (25000, 2.4808029818032593), (26000, 2.389000624659658), (27000, 2.5088352364370263), (28000, 2.405497139160044), (29000, 2.575902856499787), (30000, 2.5371054349791353), (31000, 2.537389012271339), (32000, 2.5472532461728243), (33000, 2.6577882299409508), (34000, 2.559018522005831), (35000, 2.5956437361981775), (36000, 2.6024800400540538), (37000, 2.586758410528623), (38000, 2.559619534680676), (39000, 2.599232967409969), (40000, 2.6383214346766435), (41000, 2.6172777305292776), (42000, 2.660662351305932), (43000, 2.6555361550495777), (44000, 2.621559980000907), (45000, 2.7672337154869444), (46000, 2.695737879594981), (47000, 2.7087966220487694), (48000, 2.7562102279286615), (49000, 2.747503144759495), (50000, 2.734713848433379), (51000, 2.7369265679265102), (52000, 2.7774060977906903), (53000, 2.8080487745500076), (54000, 2.7521268874068547), (55000, 2.775474142597361), (56000, 2.7193931979773254), (57000, 2.7466483708053526), (58000, 2.801091740532437), (59000, 2.8625950841732717), (60000, 2.8466069744743474), (61000, 2.8227009900880957), (62000, 2.83515242250545), (63000, 2.837352336019652), (64000, 2.8448530919897688), (65000, 2.8116278243733914), (66000, 2.7854634807600913), (67000, 2.8058051499312184), (68000, 2.8953929228240205), (69000, 2.8745817882790017), (70000, 2.836163761755141), (71000, 2.8803155919910988), (72000, 2.9034267697900575), (73000, 2.896048774327693), (74000, 2.9013589607631807), (75000, 2.9197276623931145), (76000, 2.9403441166072173), (77000, 2.9403378625137844), (78000, 2.9219150792687847), (79000, 2.9440049094547973), (80000, 2.9246564407001863), (81000, 2.9254762098609888), (82000, 2.930734784928957), (83000, 3.0430904615034087), (84000, 2.9566257939142453), (85000, 2.965511561089517), (86000, 2.9968686068184627), (87000, 3.0025486643931196), (88000, 3.0004530444585553), (89000, 3.0999032740209618), (90000, 2.9598088772860485), (91000, 2.933779412506003), (92000, 2.9953962789524886), (93000, 3.081162986325488), (94000, 3.0045465075058586), (95000, 3.005128916530224), (96000, 3.0452434760068168), (97000, 3.0319249487057296), (98000, 3.0440937021793357), (99000, 3.037428864177151), (100000, 3.0371585356478255)]
(100, 200, 300, 400, 500, 600, 700, 800, 900, 1000, 1500, 2000, 2500, 3000, 3500, 4000, 4500, 5000, 5500, 6000, 6500, 7000, 7500, 8000, 8500, 9000, 9500, 10000, 11000, 12000, 13000, 14000, 15000, 16000, 17000, 18000, 19000, 20000, 21000, 22000, 23000, 24000, 25000, 26000, 27000, 28000, 29000, 30000, 31000, 32000, 33000, 34000, 35000, 36000, 37000, 38000, 39000, 40000, 41000, 42000, 43000, 44000, 45000, 46000, 47000, 48000, 49000, 50000, 51000, 52000, 53000, 54000, 55000, 56000, 57000, 58000, 59000, 60000, 61000, 62000, 63000, 64000, 65000, 66000, 67000, 68000, 69000, 70000, 71000, 72000, 73000, 74000, 75000, 76000, 77000, 78000, 79000, 80000, 81000, 82000, 83000, 84000, 85000, 86000, 87000, 88000, 89000, 90000, 91000, 92000, 93000, 94000, 95000, 96000, 97000, 98000, 99000, 100000)
